[0.025s] Invoking command in '/home/eva/Documents/ros2_ws/build/my_two_wheel_robot': CMAKE_PREFIX_PATH=${CMAKE_PREFIX_PATH}:/opt/ros/jazzy DEBUGINFOD_URLS=https://debuginfod.ubuntu.com /usr/bin/cmake /home/eva/Documents/ros2_ws/src/my_two_wheel_robot -DCMAKE_INSTALL_PREFIX=/home/eva/Documents/ros2_ws/install/my_two_wheel_robot
[0.184s] -- The C compiler identification is GNU 13.3.0
[0.320s] -- The CXX compiler identification is GNU 13.3.0
[0.350s] -- Detecting C compiler ABI info
[0.496s] -- Detecting C compiler ABI info - done
[0.504s] -- Check for working C compiler: /usr/bin/cc - skipped
[0.505s] -- Detecting C compile features
[0.505s] -- Detecting C compile features - done
[0.518s] -- Detecting CXX compiler ABI info
[0.662s] -- Detecting CXX compiler ABI info - done
[0.673s] -- Check for working CXX compiler: /usr/bin/c++ - skipped
[0.673s] -- Detecting CXX compile features
[0.674s] -- Detecting CXX compile features - done
[0.695s] -- Found ament_cmake: 2.5.3 (/opt/ros/jazzy/share/ament_cmake/cmake)
[0.886s] -- Found Python3: /usr/bin/python3 (found version "3.12.3") found components: Interpreter 
[1.065s] -- Found ament_lint_auto: 0.17.2 (/opt/ros/jazzy/share/ament_lint_auto/cmake)
[1.235s] -- Added test 'flake8' to check Python code syntax and style conventions
[1.235s] -- Configured 'flake8' exclude dirs and/or files: 
[1.237s] -- Added test 'lint_cmake' to check CMake code style
[1.238s] -- Added test 'pep257' to check Python code against some of the docstring style conventions in PEP 257
[1.242s] -- Added test 'xmllint' to check XML markup files
[1.246s] -- Configuring done (1.2s)
[1.251s] -- Generating done (0.0s)
[1.254s] -- Build files have been written to: /home/eva/Documents/ros2_ws/build/my_two_wheel_robot
[1.267s] Invoked command in '/home/eva/Documents/ros2_ws/build/my_two_wheel_robot' returned '0': CMAKE_PREFIX_PATH=${CMAKE_PREFIX_PATH}:/opt/ros/jazzy DEBUGINFOD_URLS=https://debuginfod.ubuntu.com /usr/bin/cmake /home/eva/Documents/ros2_ws/src/my_two_wheel_robot -DCMAKE_INSTALL_PREFIX=/home/eva/Documents/ros2_ws/install/my_two_wheel_robot
[1.268s] Invoking command in '/home/eva/Documents/ros2_ws/build/my_two_wheel_robot': CMAKE_PREFIX_PATH=${CMAKE_PREFIX_PATH}:/opt/ros/jazzy DEBUGINFOD_URLS=https://debuginfod.ubuntu.com /usr/bin/cmake --build /home/eva/Documents/ros2_ws/build/my_two_wheel_robot -- -j16 -l16
[1.331s] Invoked command in '/home/eva/Documents/ros2_ws/build/my_two_wheel_robot' returned '0': CMAKE_PREFIX_PATH=${CMAKE_PREFIX_PATH}:/opt/ros/jazzy DEBUGINFOD_URLS=https://debuginfod.ubuntu.com /usr/bin/cmake --build /home/eva/Documents/ros2_ws/build/my_two_wheel_robot -- -j16 -l16
[1.346s] Invoking command in '/home/eva/Documents/ros2_ws/build/my_two_wheel_robot': CMAKE_PREFIX_PATH=${CMAKE_PREFIX_PATH}:/opt/ros/jazzy DEBUGINFOD_URLS=https://debuginfod.ubuntu.com /usr/bin/cmake --install /home/eva/Documents/ros2_ws/build/my_two_wheel_robot
[1.360s] -- Install configuration: ""
[1.360s] -- Installing: /home/eva/Documents/ros2_ws/install/my_two_wheel_robot/share/my_two_wheel_robot/launch
[1.360s] -- Installing: /home/eva/Documents/ros2_ws/install/my_two_wheel_robot/share/my_two_wheel_robot/launch/two_wheel_robot.launch.py
[1.360s] -- Installing: /home/eva/Documents/ros2_ws/install/my_two_wheel_robot/share/my_two_wheel_robot/urdf
[1.360s] -- Installing: /home/eva/Documents/ros2_ws/install/my_two_wheel_robot/share/my_two_wheel_robot/urdf/my_two_wheel_robot.urdf.xacro
[1.361s] -- Installing: /home/eva/Documents/ros2_ws/install/my_two_wheel_robot/share/my_two_wheel_robot/config
[1.361s] -- Installing: /home/eva/Documents/ros2_ws/install/my_two_wheel_robot/share/my_two_wheel_robot/config/diff_drive_controllers.yaml
[1.362s] -- Installing: /home/eva/Documents/ros2_ws/install/my_two_wheel_robot/share/my_two_wheel_robot/rviz
[1.362s] -- Installing: /home/eva/Documents/ros2_ws/install/my_two_wheel_robot/share/my_two_wheel_robot/rviz/urdf.rviz
[1.362s] -- Installing: /home/eva/Documents/ros2_ws/install/my_two_wheel_robot/share/ament_index/resource_index/package_run_dependencies/my_two_wheel_robot
[1.363s] -- Installing: /home/eva/Documents/ros2_ws/install/my_two_wheel_robot/share/ament_index/resource_index/parent_prefix_path/my_two_wheel_robot
[1.363s] -- Installing: /home/eva/Documents/ros2_ws/install/my_two_wheel_robot/share/my_two_wheel_robot/environment/ament_prefix_path.sh
[1.363s] -- Installing: /home/eva/Documents/ros2_ws/install/my_two_wheel_robot/share/my_two_wheel_robot/environment/ament_prefix_path.dsv
[1.363s] -- Installing: /home/eva/Documents/ros2_ws/install/my_two_wheel_robot/share/my_two_wheel_robot/environment/path.sh
[1.364s] -- Installing: /home/eva/Documents/ros2_ws/install/my_two_wheel_robot/share/my_two_wheel_robot/environment/path.dsv
[1.364s] -- Installing: /home/eva/Documents/ros2_ws/install/my_two_wheel_robot/share/my_two_wheel_robot/local_setup.bash
[1.364s] -- Installing: /home/eva/Documents/ros2_ws/install/my_two_wheel_robot/share/my_two_wheel_robot/local_setup.sh
[1.364s] -- Installing: /home/eva/Documents/ros2_ws/install/my_two_wheel_robot/share/my_two_wheel_robot/local_setup.zsh
[1.364s] -- Installing: /home/eva/Documents/ros2_ws/install/my_two_wheel_robot/share/my_two_wheel_robot/local_setup.dsv
[1.364s] -- Installing: /home/eva/Documents/ros2_ws/install/my_two_wheel_robot/share/my_two_wheel_robot/package.dsv
[1.365s] -- Installing: /home/eva/Documents/ros2_ws/install/my_two_wheel_robot/share/ament_index/resource_index/packages/my_two_wheel_robot
[1.365s] -- Installing: /home/eva/Documents/ros2_ws/install/my_two_wheel_robot/share/my_two_wheel_robot/cmake/my_two_wheel_robotConfig.cmake
[1.365s] -- Installing: /home/eva/Documents/ros2_ws/install/my_two_wheel_robot/share/my_two_wheel_robot/cmake/my_two_wheel_robotConfig-version.cmake
[1.365s] -- Installing: /home/eva/Documents/ros2_ws/install/my_two_wheel_robot/share/my_two_wheel_robot/package.xml
[1.369s] Invoked command in '/home/eva/Documents/ros2_ws/build/my_two_wheel_robot' returned '0': CMAKE_PREFIX_PATH=${CMAKE_PREFIX_PATH}:/opt/ros/jazzy DEBUGINFOD_URLS=https://debuginfod.ubuntu.com /usr/bin/cmake --install /home/eva/Documents/ros2_ws/build/my_two_wheel_robot
