-- Install configuration: ""
-- Up-to-date: /home/eva/Documents/ros2_ws/install/my_two_wheel_robot/share/my_two_wheel_robot/launch
-- Up-to-date: /home/eva/Documents/ros2_ws/install/my_two_wheel_robot/share/my_two_wheel_robot/launch/two_wheel_robot.launch.py
-- Up-to-date: /home/eva/Documents/ros2_ws/install/my_two_wheel_robot/share/my_two_wheel_robot/urdf
-- Up-to-date: /home/eva/Documents/ros2_ws/install/my_two_wheel_robot/share/my_two_wheel_robot/urdf/my_two_wheel_robot.urdf.xacro
-- Up-to-date: /home/eva/Documents/ros2_ws/install/my_two_wheel_robot/share/my_two_wheel_robot/config
-- Up-to-date: /home/eva/Documents/ros2_ws/install/my_two_wheel_robot/share/my_two_wheel_robot/config/diff_drive_controllers.yaml
-- Up-to-date: /home/eva/Documents/ros2_ws/install/my_two_wheel_robot/share/my_two_wheel_robot/rviz
-- Up-to-date: /home/eva/Documents/ros2_ws/install/my_two_wheel_robot/share/my_two_wheel_robot/rviz/urdf.rviz
-- Up-to-date: /home/eva/Documents/ros2_ws/install/my_two_wheel_robot/share/ament_index/resource_index/package_run_dependencies/my_two_wheel_robot
-- Up-to-date: /home/eva/Documents/ros2_ws/install/my_two_wheel_robot/share/ament_index/resource_index/parent_prefix_path/my_two_wheel_robot
-- Up-to-date: /home/eva/Documents/ros2_ws/install/my_two_wheel_robot/share/my_two_wheel_robot/environment/ament_prefix_path.sh
-- Up-to-date: /home/eva/Documents/ros2_ws/install/my_two_wheel_robot/share/my_two_wheel_robot/environment/ament_prefix_path.dsv
-- Up-to-date: /home/eva/Documents/ros2_ws/install/my_two_wheel_robot/share/my_two_wheel_robot/environment/path.sh
-- Up-to-date: /home/eva/Documents/ros2_ws/install/my_two_wheel_robot/share/my_two_wheel_robot/environment/path.dsv
-- Up-to-date: /home/eva/Documents/ros2_ws/install/my_two_wheel_robot/share/my_two_wheel_robot/local_setup.bash
-- Up-to-date: /home/eva/Documents/ros2_ws/install/my_two_wheel_robot/share/my_two_wheel_robot/local_setup.sh
-- Up-to-date: /home/eva/Documents/ros2_ws/install/my_two_wheel_robot/share/my_two_wheel_robot/local_setup.zsh
-- Up-to-date: /home/eva/Documents/ros2_ws/install/my_two_wheel_robot/share/my_two_wheel_robot/local_setup.dsv
-- Up-to-date: /home/eva/Documents/ros2_ws/install/my_two_wheel_robot/share/my_two_wheel_robot/package.dsv
-- Up-to-date: /home/eva/Documents/ros2_ws/install/my_two_wheel_robot/share/ament_index/resource_index/packages/my_two_wheel_robot
-- Up-to-date: /home/eva/Documents/ros2_ws/install/my_two_wheel_robot/share/my_two_wheel_robot/cmake/my_two_wheel_robotConfig.cmake
-- Up-to-date: /home/eva/Documents/ros2_ws/install/my_two_wheel_robot/share/my_two_wheel_robot/cmake/my_two_wheel_robotConfig-version.cmake
-- Up-to-date: /home/eva/Documents/ros2_ws/install/my_two_wheel_robot/share/my_two_wheel_robot/package.xml
