[0.016s] Invoking command in '/home/eva/Documents/ros2_ws/build/my_two_wheel_robot': CMAKE_PREFIX_PATH=${CMAKE_PREFIX_PATH}:/home/eva/Documents/ros2_ws/install/robot:/opt/ros/jazzy DEBUGINFOD_URLS=https://debuginfod.ubuntu.com /usr/bin/cmake --build /home/eva/Documents/ros2_ws/build/my_two_wheel_robot -- -j16 -l16
[0.218s] Invoked command in '/home/eva/Documents/ros2_ws/build/my_two_wheel_robot' returned '0': CMAKE_PREFIX_PATH=${CMAKE_PREFIX_PATH}:/home/eva/Documents/ros2_ws/install/robot:/opt/ros/jazzy DEBUGINFOD_URLS=https://debuginfod.ubuntu.com /usr/bin/cmake --build /home/eva/Documents/ros2_ws/build/my_two_wheel_robot -- -j16 -l16
[0.231s] Invoking command in '/home/eva/Documents/ros2_ws/build/my_two_wheel_robot': CMAKE_PREFIX_PATH=${CMAKE_PREFIX_PATH}:/home/eva/Documents/ros2_ws/install/robot:/opt/ros/jazzy DEBUGINFOD_URLS=https://debuginfod.ubuntu.com /usr/bin/cmake --install /home/eva/Documents/ros2_ws/build/my_two_wheel_robot
[0.241s] -- Install configuration: ""
[0.241s] -- Up-to-date: /home/eva/Documents/ros2_ws/install/my_two_wheel_robot/share/my_two_wheel_robot/launch
[0.241s] -- Up-to-date: /home/eva/Documents/ros2_ws/install/my_two_wheel_robot/share/my_two_wheel_robot/launch/two_wheel_robot.launch.py
[0.241s] -- Up-to-date: /home/eva/Documents/ros2_ws/install/my_two_wheel_robot/share/my_two_wheel_robot/urdf
[0.241s] -- Up-to-date: /home/eva/Documents/ros2_ws/install/my_two_wheel_robot/share/my_two_wheel_robot/urdf/my_two_wheel_robot.urdf.xacro
[0.242s] -- Up-to-date: /home/eva/Documents/ros2_ws/install/my_two_wheel_robot/share/my_two_wheel_robot/config
[0.242s] -- Up-to-date: /home/eva/Documents/ros2_ws/install/my_two_wheel_robot/share/my_two_wheel_robot/config/diff_drive_controllers.yaml
[0.242s] -- Up-to-date: /home/eva/Documents/ros2_ws/install/my_two_wheel_robot/share/my_two_wheel_robot/rviz
[0.242s] -- Up-to-date: /home/eva/Documents/ros2_ws/install/my_two_wheel_robot/share/my_two_wheel_robot/rviz/urdf.rviz
[0.242s] -- Up-to-date: /home/eva/Documents/ros2_ws/install/my_two_wheel_robot/share/ament_index/resource_index/package_run_dependencies/my_two_wheel_robot
[0.242s] -- Up-to-date: /home/eva/Documents/ros2_ws/install/my_two_wheel_robot/share/ament_index/resource_index/parent_prefix_path/my_two_wheel_robot
[0.242s] -- Up-to-date: /home/eva/Documents/ros2_ws/install/my_two_wheel_robot/share/my_two_wheel_robot/environment/ament_prefix_path.sh
[0.242s] -- Up-to-date: /home/eva/Documents/ros2_ws/install/my_two_wheel_robot/share/my_two_wheel_robot/environment/ament_prefix_path.dsv
[0.242s] -- Up-to-date: /home/eva/Documents/ros2_ws/install/my_two_wheel_robot/share/my_two_wheel_robot/environment/path.sh
[0.242s] -- Up-to-date: /home/eva/Documents/ros2_ws/install/my_two_wheel_robot/share/my_two_wheel_robot/environment/path.dsv
[0.243s] -- Up-to-date: /home/eva/Documents/ros2_ws/install/my_two_wheel_robot/share/my_two_wheel_robot/local_setup.bash
[0.243s] -- Up-to-date: /home/eva/Documents/ros2_ws/install/my_two_wheel_robot/share/my_two_wheel_robot/local_setup.sh
[0.243s] -- Up-to-date: /home/eva/Documents/ros2_ws/install/my_two_wheel_robot/share/my_two_wheel_robot/local_setup.zsh
[0.243s] -- Up-to-date: /home/eva/Documents/ros2_ws/install/my_two_wheel_robot/share/my_two_wheel_robot/local_setup.dsv
[0.243s] -- Installing: /home/eva/Documents/ros2_ws/install/my_two_wheel_robot/share/my_two_wheel_robot/package.dsv
[0.243s] -- Up-to-date: /home/eva/Documents/ros2_ws/install/my_two_wheel_robot/share/ament_index/resource_index/packages/my_two_wheel_robot
[0.243s] -- Up-to-date: /home/eva/Documents/ros2_ws/install/my_two_wheel_robot/share/my_two_wheel_robot/cmake/my_two_wheel_robotConfig.cmake
[0.243s] -- Up-to-date: /home/eva/Documents/ros2_ws/install/my_two_wheel_robot/share/my_two_wheel_robot/cmake/my_two_wheel_robotConfig-version.cmake
[0.243s] -- Up-to-date: /home/eva/Documents/ros2_ws/install/my_two_wheel_robot/share/my_two_wheel_robot/package.xml
[0.244s] Invoked command in '/home/eva/Documents/ros2_ws/build/my_two_wheel_robot' returned '0': CMAKE_PREFIX_PATH=${CMAKE_PREFIX_PATH}:/home/eva/Documents/ros2_ws/install/robot:/opt/ros/jazzy DEBUGINFOD_URLS=https://debuginfod.ubuntu.com /usr/bin/cmake --install /home/eva/Documents/ros2_ws/build/my_two_wheel_robot
