[0.776s] Invoking command in '/home/eva/Documents/ros2_ws/src/robot': DEBUGINFOD_URLS=https://debuginfod.ubuntu.com PYTHONPATH=/home/eva/Documents/ros2_ws/build/robot/prefix_override:/usr/lib/python3/dist-packages/colcon_core/task/python/colcon_distutils_commands:/home/eva/Documents/ros2_ws/install/robot/lib/python3.12/site-packages:${PYTHONPATH} /usr/bin/python3 -W ignore:setup.py install is deprecated -W ignore:easy_install command is deprecated setup.py egg_info --egg-base ../../build/robot build --build-base /home/eva/Documents/ros2_ws/build/robot/build install --record /home/eva/Documents/ros2_ws/build/robot/install.log --single-version-externally-managed install_data
[1.011s] running egg_info
[1.029s] writing ../../build/robot/robot.egg-info/PKG-INFO
[1.029s] writing dependency_links to ../../build/robot/robot.egg-info/dependency_links.txt
[1.029s] writing entry points to ../../build/robot/robot.egg-info/entry_points.txt
[1.030s] writing requirements to ../../build/robot/robot.egg-info/requires.txt
[1.030s] writing top-level names to ../../build/robot/robot.egg-info/top_level.txt
[1.065s] reading manifest file '../../build/robot/robot.egg-info/SOURCES.txt'
[1.065s] writing manifest file '../../build/robot/robot.egg-info/SOURCES.txt'
[1.065s] running build
[1.065s] running build_py
[1.066s] running install
[1.071s] running install_lib
[1.089s] running install_data
[1.089s] copying launch/launch.py -> /home/eva/Documents/ros2_ws/install/robot/share/robot/launch
[1.090s] running install_egg_info
[1.108s] removing '/home/eva/Documents/ros2_ws/install/robot/lib/python3.12/site-packages/robot-0.0.0-py3.12.egg-info' (and everything under it)
[1.109s] Copying ../../build/robot/robot.egg-info to /home/eva/Documents/ros2_ws/install/robot/lib/python3.12/site-packages/robot-0.0.0-py3.12.egg-info
[1.110s] running install_scripts
[1.228s] Installing cmd_vel_publisher script to /home/eva/Documents/ros2_ws/install/robot/lib/robot
[1.228s] Installing obstacle_avoider script to /home/eva/Documents/ros2_ws/install/robot/lib/robot
[1.228s] writing list of installed files to '/home/eva/Documents/ros2_ws/build/robot/install.log'
[1.271s] Invoked command in '/home/eva/Documents/ros2_ws/src/robot' returned '0': DEBUGINFOD_URLS=https://debuginfod.ubuntu.com PYTHONPATH=/home/eva/Documents/ros2_ws/build/robot/prefix_override:/usr/lib/python3/dist-packages/colcon_core/task/python/colcon_distutils_commands:/home/eva/Documents/ros2_ws/install/robot/lib/python3.12/site-packages:${PYTHONPATH} /usr/bin/python3 -W ignore:setup.py install is deprecated -W ignore:easy_install command is deprecated setup.py egg_info --egg-base ../../build/robot build --build-base /home/eva/Documents/ros2_ws/build/robot/build install --record /home/eva/Documents/ros2_ws/build/robot/install.log --single-version-externally-managed install_data
