running egg_info
creating ../../build/robot/robot.egg-info
writing ../../build/robot/robot.egg-info/PKG-INFO
writing dependency_links to ../../build/robot/robot.egg-info/dependency_links.txt
writing entry points to ../../build/robot/robot.egg-info/entry_points.txt
writing requirements to ../../build/robot/robot.egg-info/requires.txt
writing top-level names to ../../build/robot/robot.egg-info/top_level.txt
writing manifest file '../../build/robot/robot.egg-info/SOURCES.txt'
reading manifest file '../../build/robot/robot.egg-info/SOURCES.txt'
writing manifest file '../../build/robot/robot.egg-info/SOURCES.txt'
running build
running build_py
creating /home/eva/Documents/ros2_ws/build/robot/build
creating /home/eva/Documents/ros2_ws/build/robot/build/lib
creating /home/eva/Documents/ros2_ws/build/robot/build/lib/robot
copying robot/__init__.py -> /home/eva/Documents/ros2_ws/build/robot/build/lib/robot
copying robot/cmd_vel_publisher.py -> /home/eva/Documents/ros2_ws/build/robot/build/lib/robot
running install
running install_lib
creating /home/eva/Documents/ros2_ws/install/robot/lib/python3.12/site-packages/robot
copying /home/eva/Documents/ros2_ws/build/robot/build/lib/robot/__init__.py -> /home/eva/Documents/ros2_ws/install/robot/lib/python3.12/site-packages/robot
copying /home/eva/Documents/ros2_ws/build/robot/build/lib/robot/cmd_vel_publisher.py -> /home/eva/Documents/ros2_ws/install/robot/lib/python3.12/site-packages/robot
byte-compiling /home/eva/Documents/ros2_ws/install/robot/lib/python3.12/site-packages/robot/__init__.py to __init__.cpython-312.pyc
byte-compiling /home/eva/Documents/ros2_ws/install/robot/lib/python3.12/site-packages/robot/cmd_vel_publisher.py to cmd_vel_publisher.cpython-312.pyc
running install_data
creating /home/eva/Documents/ros2_ws/install/robot/share/ament_index
creating /home/eva/Documents/ros2_ws/install/robot/share/ament_index/resource_index
creating /home/eva/Documents/ros2_ws/install/robot/share/ament_index/resource_index/packages
copying resource/robot -> /home/eva/Documents/ros2_ws/install/robot/share/ament_index/resource_index/packages
copying package.xml -> /home/eva/Documents/ros2_ws/install/robot/share/robot
running install_egg_info
Copying ../../build/robot/robot.egg-info to /home/eva/Documents/ros2_ws/install/robot/lib/python3.12/site-packages/robot-0.0.0-py3.12.egg-info
running install_scripts
Installing cmd_vel_publisher script to /home/eva/Documents/ros2_ws/install/robot/lib/robot
writing list of installed files to '/home/eva/Documents/ros2_ws/build/robot/install.log'
