[1.113s] Invoking command in '/home/eva/Documents/ros2_ws/src/robot': DEBUGINFOD_URLS=https://debuginfod.ubuntu.com PYTHONPATH=/home/eva/Documents/ros2_ws/build/robot/prefix_override:/usr/lib/python3/dist-packages/colcon_core/task/python/colcon_distutils_commands:/home/eva/Documents/ros2_ws/install/robot/lib/python3.12/site-packages:${PYTHONPATH} /usr/bin/python3 -W ignore:setup.py install is deprecated -W ignore:easy_install command is deprecated setup.py egg_info --egg-base ../../build/robot build --build-base /home/eva/Documents/ros2_ws/build/robot/build install --record /home/eva/Documents/ros2_ws/build/robot/install.log --single-version-externally-managed install_data
[1.406s] running egg_info
[1.406s] creating ../../build/robot/robot.egg-info
[1.427s] writing ../../build/robot/robot.egg-info/PKG-INFO
[1.427s] writing dependency_links to ../../build/robot/robot.egg-info/dependency_links.txt
[1.427s] writing entry points to ../../build/robot/robot.egg-info/entry_points.txt
[1.428s] writing requirements to ../../build/robot/robot.egg-info/requires.txt
[1.428s] writing top-level names to ../../build/robot/robot.egg-info/top_level.txt
[1.428s] writing manifest file '../../build/robot/robot.egg-info/SOURCES.txt'
[1.467s] reading manifest file '../../build/robot/robot.egg-info/SOURCES.txt'
[1.467s] writing manifest file '../../build/robot/robot.egg-info/SOURCES.txt'
[1.467s] running build
[1.467s] running build_py
[1.468s] creating /home/eva/Documents/ros2_ws/build/robot/build
[1.468s] creating /home/eva/Documents/ros2_ws/build/robot/build/lib
[1.468s] creating /home/eva/Documents/ros2_ws/build/robot/build/lib/robot
[1.468s] copying robot/__init__.py -> /home/eva/Documents/ros2_ws/build/robot/build/lib/robot
[1.468s] copying robot/cmd_vel_publisher.py -> /home/eva/Documents/ros2_ws/build/robot/build/lib/robot
[1.468s] running install
[1.474s] running install_lib
[1.493s] creating /home/eva/Documents/ros2_ws/install/robot/lib/python3.12/site-packages/robot
[1.494s] copying /home/eva/Documents/ros2_ws/build/robot/build/lib/robot/__init__.py -> /home/eva/Documents/ros2_ws/install/robot/lib/python3.12/site-packages/robot
[1.494s] copying /home/eva/Documents/ros2_ws/build/robot/build/lib/robot/cmd_vel_publisher.py -> /home/eva/Documents/ros2_ws/install/robot/lib/python3.12/site-packages/robot
[1.494s] byte-compiling /home/eva/Documents/ros2_ws/install/robot/lib/python3.12/site-packages/robot/__init__.py to __init__.cpython-312.pyc
[1.495s] byte-compiling /home/eva/Documents/ros2_ws/install/robot/lib/python3.12/site-packages/robot/cmd_vel_publisher.py to cmd_vel_publisher.cpython-312.pyc
[1.495s] running install_data
[1.495s] creating /home/eva/Documents/ros2_ws/install/robot/share/ament_index
[1.495s] creating /home/eva/Documents/ros2_ws/install/robot/share/ament_index/resource_index
[1.495s] creating /home/eva/Documents/ros2_ws/install/robot/share/ament_index/resource_index/packages
[1.496s] copying resource/robot -> /home/eva/Documents/ros2_ws/install/robot/share/ament_index/resource_index/packages
[1.496s] copying package.xml -> /home/eva/Documents/ros2_ws/install/robot/share/robot
[1.496s] running install_egg_info
[1.516s] Copying ../../build/robot/robot.egg-info to /home/eva/Documents/ros2_ws/install/robot/lib/python3.12/site-packages/robot-0.0.0-py3.12.egg-info
[1.517s] running install_scripts
[1.655s] Installing cmd_vel_publisher script to /home/eva/Documents/ros2_ws/install/robot/lib/robot
[1.656s] writing list of installed files to '/home/eva/Documents/ros2_ws/build/robot/install.log'
[1.726s] Invoked command in '/home/eva/Documents/ros2_ws/src/robot' returned '0': DEBUGINFOD_URLS=https://debuginfod.ubuntu.com PYTHONPATH=/home/eva/Documents/ros2_ws/build/robot/prefix_override:/usr/lib/python3/dist-packages/colcon_core/task/python/colcon_distutils_commands:/home/eva/Documents/ros2_ws/install/robot/lib/python3.12/site-packages:${PYTHONPATH} /usr/bin/python3 -W ignore:setup.py install is deprecated -W ignore:easy_install command is deprecated setup.py egg_info --egg-base ../../build/robot build --build-base /home/eva/Documents/ros2_ws/build/robot/build install --record /home/eva/Documents/ros2_ws/build/robot/install.log --single-version-externally-managed install_data
